<?xml version="1.0" encoding="UTF-8"?>
<!-- Generated by org.testng.reporters.JUnitReportReporter -->
<testsuite hostname="DESKTOP-PL7FP6G" failures="0" tests="1" name="com.saucedemo.SauceDemoSortingTest" time="10.323" errors="0" timestamp="2025-03-25T17:41:30 IST" skipped="0">
  <testcase classname="com.saucedemo.SauceDemoSortingTest" name="testSortByPriceLowToHigh" time="10.323"/>
  <system-out/>
</testsuite> <!-- com.saucedemo.SauceDemoSortingTest -->
